<?xml version="1.0" encoding="UTF-8"?>
<testsuite xmlns:xsi="http://www.w3.org/2001/XMLSchema-instance" xsi:noNamespaceSchemaLocation="https://maven.apache.org/surefire/maven-surefire-plugin/xsd/surefire-test-report-3.0.xsd" version="3.0" name="ru.appline.homework.tests.DNSTest" time="62.253" tests="1" errors="0" skipped="0" failures="0">
  <properties>
[...]
</properties>
  <testcase name="test" classname="ru.appline.homework.tests.DNSTest" time="57.985">
    <system-out><![CDATA[Гарантия: 2
[Item(name=Игровая консоль PlayStation 4 Slim Black 1 TB + 3 игры, price=35399, guaranty=2, quantity=1, guarantyPrice=0)]
[Item(name=Игровая консоль PlayStation 4 Slim Black 1 TB + 3 игры, price=35399, guaranty=2, quantity=1, guarantyPrice=0), Item(name=Игра Detroit: Стать человеком (PS4), price=2599, guaranty=0, quantity=1, guarantyPrice=0)]
Гарантия на PlayStation 24
29999
1
5400
2599
1
0
37998
Item(name=Игровая консоль PlayStation 4 Slim Black 1 TB + 3 игры, price=35399, guaranty=2, quantity=1, guarantyPrice=0)
Item(name=Игра Detroit: Стать человеком (PS4), price=2599, guaranty=0, quantity=0, guarantyPrice=0)
]]></system-out>
    <system-err><![CDATA[Starting ChromeDriver 88.0.4324.96 (68dba2d8a0b149a1d3afac56fa74648032bcf46b-refs/branch-heads/4324@{#1784}) on port 30809
Only local connections are allowed.
Please see https://chromedriver.chromium.org/security-considerations for suggestions on keeping ChromeDriver safe.
ChromeDriver was started successfully.
фев 12, 2021 9:38:31 PM org.openqa.selenium.remote.ProtocolHandshake createSession
INFO: Detected dialect: W3C
]]></system-err>
  </testcase>
</testsuite>